[36mvite v5.4.21 [32mbuilding for production...[36m[39m
transforming...
[32m✓[39m 16 modules transformed.
[31mx[39m Build failed in 276ms
[31merror during build:
[31m[vite:build-import-analysis] [plugin vite:build-import-analysis] src/exportApp.js (208:84): Failed to parse source for import analysis because the content contains invalid JS syntax. If you are using JSX, make sure to name the file with the .jsx or .tsx extension.[31m
file: [36mC:/Users/GOWRAV MUNINDRA/OneDrive/Documents/Desktop/Portfolio/src/exportApp.js:208:84[31m
[33m
206:       <div class="max-w-7xl mx-auto flex items-center justify-between px-6 sm:px-12 py-5">
207:         <div class="text-2xl font-black font-outfit text-slate-900 dark:text-white tracking-tighter">
208:           ${data.hero.name} <span class="text-gradient">${data.hero.lastName}</span>
                                                                                         ^
209:         </div>
210:         <div class="hidden lg:flex items-center gap-8 text-sm font-bold tracking-wider uppercase font-outfit">
[31m
    at getRollupError (file:///C:/Users/GOWRAV%20MUNINDRA/OneDrive/Documents/Desktop/Portfolio/node_modules/rollup/dist/es/shared/parseAst.js:406:41)
    at error (file:///C:/Users/GOWRAV%20MUNINDRA/OneDrive/Documents/Desktop/Portfolio/node_modules/rollup/dist/es/shared/parseAst.js:402:42)
    at Object.error (file:///C:/Users/GOWRAV%20MUNINDRA/OneDrive/Documents/Desktop/Portfolio/node_modules/rollup/dist/es/shared/node-entry.js:22304:20)
    at Object.error (file:///C:/Users/GOWRAV%20MUNINDRA/OneDrive/Documents/Desktop/Portfolio/node_modules/rollup/dist/es/shared/node-entry.js:21345:42)
    at Object.transform (file:///C:/Users/GOWRAV%20MUNINDRA/OneDrive/Documents/Desktop/Portfolio/node_modules/vite/dist/node/chunks/dep-BK3b2jBa.js:64913:14)[39m
