
> portfolio@0.0.0 build
> vite build

[36mvite v5.4.21 [32mbuilding for production...[36m[39m
transforming...
[32m✓[39m 13 modules transformed.
[31mx[39m Build failed in 130ms
[31merror during build:
[31m[vite:build-import-analysis] [plugin vite:build-import-analysis] src/exportApp.js (36:97): Failed to parse source for import analysis because the content contains invalid JS syntax. If you are using JSX, make sure to name the file with the .jsx or .tsx extension.[31m
file: [36mC:/Users/GOWRAV MUNINDRA/OneDrive/Documents/Desktop/Portfolio/src/exportApp.js:36:97[31m
[33m
34:             <h3 class="section-title">Skills</h3>
35:             <div class="skills-grid">
36:                 \${data.skills.map(skill => `<span class="skill-tag">\${skill}</span>`).join('')}
                                                                                                     ^
37:             </div>
38:         </div>
[31m
    at getRollupError (file:///C:/Users/GOWRAV%20MUNINDRA/OneDrive/Documents/Desktop/Portfolio/node_modules/rollup/dist/es/shared/parseAst.js:406:41)
    at error (file:///C:/Users/GOWRAV%20MUNINDRA/OneDrive/Documents/Desktop/Portfolio/node_modules/rollup/dist/es/shared/parseAst.js:402:42)
    at Object.error (file:///C:/Users/GOWRAV%20MUNINDRA/OneDrive/Documents/Desktop/Portfolio/node_modules/rollup/dist/es/shared/node-entry.js:22304:20)
    at Object.error (file:///C:/Users/GOWRAV%20MUNINDRA/OneDrive/Documents/Desktop/Portfolio/node_modules/rollup/dist/es/shared/node-entry.js:21345:42)
    at Object.transform (file:///C:/Users/GOWRAV%20MUNINDRA/OneDrive/Documents/Desktop/Portfolio/node_modules/vite/dist/node/chunks/dep-BK3b2jBa.js:64913:14)[39m
